[07-Nov-2018 12:19:21 UTC] PHP Warning:  require(classes/Autoload.php): failed to open stream: No such file or directory in /home/ubuntu/workspace/tema1/primerosEjemplos/login/index.php on line 3
[07-Nov-2018 12:19:21 UTC] PHP Fatal error:  require(): Failed opening required 'classes/Autoload.php' (include_path='.:/usr/share/php') in /home/ubuntu/workspace/tema1/primerosEjemplos/login/index.php on line 3
[07-Nov-2018 12:19:49 UTC] PHP Parse error:  syntax error, unexpected 'getLogin' (T_STRING), expecting variable (T_VARIABLE) in /home/ubuntu/workspace/tema1/primerosEjemplos/classes/Session2.php on line 42
[07-Nov-2018 12:20:21 UTC] PHP Parse error:  syntax error, unexpected 'getLogin' (T_STRING), expecting variable (T_VARIABLE) in /home/ubuntu/workspace/tema1/primerosEjemplos/classes/Session2.php on line 42
[07-Nov-2018 12:20:46 UTC] PHP Fatal error:  Uncaught Error: Call to undefined method Session::isLogged() in /home/ubuntu/workspace/tema1/primerosEjemplos/login/index.php:18
Stack trace:
#0 {main}
  thrown in /home/ubuntu/workspace/tema1/primerosEjemplos/login/index.php on line 18
[07-Nov-2018 12:21:19 UTC] PHP Parse error:  syntax error, unexpected 'getLogin' (T_STRING), expecting variable (T_VARIABLE) in /home/ubuntu/workspace/tema1/primerosEjemplos/classes/Session2.php on line 42
[16-Nov-2018 10:02:05 UTC] PHP Fatal error:  Uncaught Twig_Error_Loader: Unable to find template "base.html" (looked into: /home/ubuntu/workspace/tema1/primerosEjemplos/plantillas/twig). in /home/ubuntu/workspace/tema1/primerosEjemplos/plantillas/classes/vendor/twig/twig/lib/Twig/Loader/Filesystem.php:226
Stack trace:
#0 /home/ubuntu/workspace/tema1/primerosEjemplos/plantillas/classes/vendor/twig/twig/lib/Twig/Loader/Filesystem.php(143): Twig_Loader_Filesystem->findTemplate('base.html')
#1 /home/ubuntu/workspace/tema1/primerosEjemplos/plantillas/classes/vendor/twig/twig/lib/Twig/Environment.php(270): Twig_Loader_Filesystem->getCacheKey('base.html')
#2 /home/ubuntu/workspace/tema1/primerosEjemplos/plantillas/classes/vendor/twig/twig/lib/Twig/Environment.php(350): Twig_Environment->getTemplateClass('base.html')
#3 /home/ubuntu/workspace/tema1/primerosEjemplos/plantillas/classes/vendor/twig/twig/lib/Twig/Environment.php(289): Twig_Environment->loadTemplate('base.html')
#4 /home/ubuntu/workspace/tema1/primerosEjemplos/plantillas/plantilla1.php(8): Twig_Envi in /home/ubuntu/workspace/tema1/primerosEjemplos/plantillas/classes/vendor/twig/twig/lib/Twig/Loader/Filesystem.php on line 226
[16-Nov-2018 11:07:20 UTC] PHP Parse error:  syntax error, unexpected '=>' (T_DOUBLE_ARROW), expecting ']' in /home/ubuntu/workspace/tema1/primerosEjemplos/plantillas/plantilla2.php on line 8
[16-Nov-2018 11:11:44 UTC] PHP Fatal error:  Uncaught Twig_Error_Syntax: The block 'body' has already been defined line 9. in /home/ubuntu/workspace/tema1/primerosEjemplos/plantillas/twig/base.twig:12
Stack trace:
#0 /home/ubuntu/workspace/tema1/primerosEjemplos/plantillas/classes/vendor/twig/twig/lib/Twig/Parser.php(168): Twig_TokenParser_Block->parse(Object(Twig_Token))
#1 /home/ubuntu/workspace/tema1/primerosEjemplos/plantillas/classes/vendor/twig/twig/lib/Twig/Parser.php(81): Twig_Parser->subparse(NULL, false)
#2 /home/ubuntu/workspace/tema1/primerosEjemplos/plantillas/classes/vendor/twig/twig/lib/Twig/Environment.php(533): Twig_Parser->parse(Object(Twig_TokenStream))
#3 /home/ubuntu/workspace/tema1/primerosEjemplos/plantillas/classes/vendor/twig/twig/lib/Twig/Environment.php(565): Twig_Environment->parse(Object(Twig_TokenStream))
#4 /home/ubuntu/workspace/tema1/primerosEjemplos/plantillas/classes/vendor/twig/twig/lib/Twig/Environment.php(368): Twig_Environment->compileSource(Object(Twig_Source))
#5 /home/ubuntu/workspace/tema1/primerosEjemplos/plan in /home/ubuntu/workspace/tema1/primerosEjemplos/plantillas/twig/base.twig on line 12
