[11-Dec-2018 10:09:41 UTC] PHP Fatal error:  Uncaught Error: Class 'FrontController' not found in /home/ubuntu/workspace/tema1/tercerosEjemplos/c9.php:21
Stack trace:
#0 {main}
  thrown in /home/ubuntu/workspace/tema1/tercerosEjemplos/c9.php on line 21
[11-Dec-2018 10:11:34 UTC] PHP Fatal error:  Uncaught Error: Class 'FrontController' not found in /home/ubuntu/workspace/tema1/tercerosEjemplos/c9.php:21
Stack trace:
#0 {main}
  thrown in /home/ubuntu/workspace/tema1/tercerosEjemplos/c9.php on line 21
[11-Dec-2018 10:12:25 UTC] PHP Fatal error:  Uncaught Error: Class 'FrontController' not found in /home/ubuntu/workspace/tema1/tercerosEjemplos/c9.php:23
Stack trace:
#0 {main}
  thrown in /home/ubuntu/workspace/tema1/tercerosEjemplos/c9.php on line 23
[11-Dec-2018 10:12:26 UTC] PHP Fatal error:  Uncaught Error: Class 'FrontController' not found in /home/ubuntu/workspace/tema1/tercerosEjemplos/c9.php:23
Stack trace:
#0 {main}
  thrown in /home/ubuntu/workspace/tema1/tercerosEjemplos/c9.php on line 23
[11-Dec-2018 11:00:00 UTC] PHP Fatal error:  Uncaught Error: Class 'izv\controller\FrontController' not found in /home/ubuntu/workspace/tema1/tercerosEjemplos/c9.php:23
Stack trace:
#0 {main}
  thrown in /home/ubuntu/workspace/tema1/tercerosEjemplos/c9.php on line 23
[11-Dec-2018 11:03:56 UTC] PHP Notice:  Undefined variable: route in /home/ubuntu/workspace/tema1/tercerosEjemplos/classes/izv/mvc/FrontController.php on line 15
[11-Dec-2018 11:03:56 UTC] PHP Fatal error:  Uncaught Error: Call to a member function getModel() on null in /home/ubuntu/workspace/tema1/tercerosEjemplos/classes/izv/mvc/FrontController.php:15
Stack trace:
#0 /home/ubuntu/workspace/tema1/tercerosEjemplos/c9.php(22): izv\mvc\FrontController->__construct('', '')
#1 {main}
  thrown in /home/ubuntu/workspace/tema1/tercerosEjemplos/classes/izv/mvc/FrontController.php on line 15
[11-Dec-2018 11:04:36 UTC] PHP Fatal error:  Uncaught Error: Call to a member function getModel() on null in /home/ubuntu/workspace/tema1/tercerosEjemplos/classes/izv/mvc/FrontController.php:15
Stack trace:
#0 /home/ubuntu/workspace/tema1/tercerosEjemplos/c9.php(22): izv\mvc\FrontController->__construct('', '')
#1 {main}
  thrown in /home/ubuntu/workspace/tema1/tercerosEjemplos/classes/izv/mvc/FrontController.php on line 15
[11-Dec-2018 11:05:15 UTC] PHP Fatal error:  Uncaught Error: Call to a member function get() on null in /home/ubuntu/workspace/tema1/tercerosEjemplos/classes/izv/mvc/FrontController.php:15
Stack trace:
#0 /home/ubuntu/workspace/tema1/tercerosEjemplos/c9.php(22): izv\mvc\FrontController->__construct('', '')
#1 {main}
  thrown in /home/ubuntu/workspace/tema1/tercerosEjemplos/classes/izv/mvc/FrontController.php on line 15
[11-Dec-2018 11:06:38 UTC] PHP Fatal error:  Uncaught Error: Call to a member function getModel() on null in /home/ubuntu/workspace/tema1/tercerosEjemplos/classes/izv/mvc/FrontController.php:15
Stack trace:
#0 /home/ubuntu/workspace/tema1/tercerosEjemplos/c9.php(22): izv\mvc\FrontController->__construct('', '')
#1 {main}
  thrown in /home/ubuntu/workspace/tema1/tercerosEjemplos/classes/izv/mvc/FrontController.php on line 15
[11-Dec-2018 11:07:03 UTC] PHP Fatal error:  Uncaught Error: Class 'izv\model\Model' not found in /home/ubuntu/workspace/tema1/tercerosEjemplos/classes/izv/mvc/FrontController.php:16
Stack trace:
#0 /home/ubuntu/workspace/tema1/tercerosEjemplos/c9.php(22): izv\mvc\FrontController->__construct('', '')
#1 {main}
  thrown in /home/ubuntu/workspace/tema1/tercerosEjemplos/classes/izv/mvc/FrontController.php on line 16
[11-Dec-2018 11:07:04 UTC] PHP Fatal error:  Uncaught Error: Class 'izv\model\Model' not found in /home/ubuntu/workspace/tema1/tercerosEjemplos/classes/izv/mvc/FrontController.php:16
Stack trace:
#0 /home/ubuntu/workspace/tema1/tercerosEjemplos/c9.php(22): izv\mvc\FrontController->__construct('', '')
#1 {main}
  thrown in /home/ubuntu/workspace/tema1/tercerosEjemplos/classes/izv/mvc/FrontController.php on line 16
[11-Dec-2018 11:07:04 UTC] PHP Fatal error:  Uncaught Error: Class 'izv\model\Model' not found in /home/ubuntu/workspace/tema1/tercerosEjemplos/classes/izv/mvc/FrontController.php:16
Stack trace:
#0 /home/ubuntu/workspace/tema1/tercerosEjemplos/c9.php(22): izv\mvc\FrontController->__construct('', '')
#1 {main}
  thrown in /home/ubuntu/workspace/tema1/tercerosEjemplos/classes/izv/mvc/FrontController.php on line 16
[11-Dec-2018 11:07:04 UTC] PHP Fatal error:  Uncaught Error: Class 'izv\model\Model' not found in /home/ubuntu/workspace/tema1/tercerosEjemplos/classes/izv/mvc/FrontController.php:16
Stack trace:
#0 /home/ubuntu/workspace/tema1/tercerosEjemplos/c9.php(22): izv\mvc\FrontController->__construct('', '')
#1 {main}
  thrown in /home/ubuntu/workspace/tema1/tercerosEjemplos/classes/izv/mvc/FrontController.php on line 16
[11-Dec-2018 11:08:19 UTC] PHP Fatal error:  Uncaught Error: Class 'izv\model\Model' not found in /home/ubuntu/workspace/tema1/tercerosEjemplos/classes/izv/mvc/FrontController.php:16
Stack trace:
#0 /home/ubuntu/workspace/tema1/tercerosEjemplos/c9.php(22): izv\mvc\FrontController->__construct('', '')
#1 {main}
  thrown in /home/ubuntu/workspace/tema1/tercerosEjemplos/classes/izv/mvc/FrontController.php on line 16
[11-Dec-2018 11:08:20 UTC] PHP Fatal error:  Uncaught Error: Class 'izv\model\Model' not found in /home/ubuntu/workspace/tema1/tercerosEjemplos/classes/izv/mvc/FrontController.php:16
Stack trace:
#0 /home/ubuntu/workspace/tema1/tercerosEjemplos/c9.php(22): izv\mvc\FrontController->__construct('', '')
#1 {main}
  thrown in /home/ubuntu/workspace/tema1/tercerosEjemplos/classes/izv/mvc/FrontController.php on line 16
[11-Dec-2018 11:08:21 UTC] PHP Fatal error:  Uncaught Error: Class 'izv\model\Model' not found in /home/ubuntu/workspace/tema1/tercerosEjemplos/classes/izv/mvc/FrontController.php:16
Stack trace:
#0 /home/ubuntu/workspace/tema1/tercerosEjemplos/c9.php(22): izv\mvc\FrontController->__construct('', '')
#1 {main}
  thrown in /home/ubuntu/workspace/tema1/tercerosEjemplos/classes/izv/mvc/FrontController.php on line 16
[11-Dec-2018 11:08:21 UTC] PHP Fatal error:  Uncaught Error: Class 'izv\model\Model' not found in /home/ubuntu/workspace/tema1/tercerosEjemplos/classes/izv/mvc/FrontController.php:16
Stack trace:
#0 /home/ubuntu/workspace/tema1/tercerosEjemplos/c9.php(22): izv\mvc\FrontController->__construct('', '')
#1 {main}
  thrown in /home/ubuntu/workspace/tema1/tercerosEjemplos/classes/izv/mvc/FrontController.php on line 16
[11-Dec-2018 11:09:49 UTC] PHP Notice:  Undefined variable: model in /home/ubuntu/workspace/tema1/tercerosEjemplos/classes/izv/controller/Controller.php on line 16
[11-Dec-2018 11:09:49 UTC] PHP Fatal error:  Uncaught Error: Class 'izv\tools\Sesion' not found in /home/ubuntu/workspace/tema1/tercerosEjemplos/classes/izv/controller/Controller.php:17
Stack trace:
#0 /home/ubuntu/workspace/tema1/tercerosEjemplos/classes/izv/mvc/FrontController.php(18): izv\controller\Controller->__construct(Object(izv\model\Model))
#1 /home/ubuntu/workspace/tema1/tercerosEjemplos/c9.php(22): izv\mvc\FrontController->__construct('', '')
#2 {main}
  thrown in /home/ubuntu/workspace/tema1/tercerosEjemplos/classes/izv/controller/Controller.php on line 17
[11-Dec-2018 11:10:30 UTC] PHP Fatal error:  Uncaught Error: Class 'izv\tools\Sesion' not found in /home/ubuntu/workspace/tema1/tercerosEjemplos/classes/izv/controller/Controller.php:17
Stack trace:
#0 /home/ubuntu/workspace/tema1/tercerosEjemplos/classes/izv/mvc/FrontController.php(18): izv\controller\Controller->__construct(Object(izv\model\Model))
#1 /home/ubuntu/workspace/tema1/tercerosEjemplos/c9.php(22): izv\mvc\FrontController->__construct('', '')
#2 {main}
  thrown in /home/ubuntu/workspace/tema1/tercerosEjemplos/classes/izv/controller/Controller.php on line 17
[11-Dec-2018 11:11:38 UTC] PHP Fatal error:  Uncaught Error: Class 'izv\controller\Sesion' not found in /home/ubuntu/workspace/tema1/tercerosEjemplos/classes/izv/controller/Controller.php:17
Stack trace:
#0 /home/ubuntu/workspace/tema1/tercerosEjemplos/classes/izv/mvc/FrontController.php(18): izv\controller\Controller->__construct(Object(izv\model\Model))
#1 /home/ubuntu/workspace/tema1/tercerosEjemplos/c9.php(22): izv\mvc\FrontController->__construct('', '')
#2 {main}
  thrown in /home/ubuntu/workspace/tema1/tercerosEjemplos/classes/izv/controller/Controller.php on line 17
[11-Dec-2018 11:11:59 UTC] PHP Notice:  Undefined variable: model in /home/ubuntu/workspace/tema1/tercerosEjemplos/classes/izv/view/View.php on line 15
[11-Dec-2018 11:11:59 UTC] PHP Fatal error:  Uncaught Error: Class 'izv\view\Sesion' not found in /home/ubuntu/workspace/tema1/tercerosEjemplos/classes/izv/view/View.php:16
Stack trace:
#0 /home/ubuntu/workspace/tema1/tercerosEjemplos/classes/izv/mvc/FrontController.php(20): izv\view\View->__construct(Object(izv\model\Model))
#1 /home/ubuntu/workspace/tema1/tercerosEjemplos/c9.php(22): izv\mvc\FrontController->__construct('', '')
#2 {main}
  thrown in /home/ubuntu/workspace/tema1/tercerosEjemplos/classes/izv/view/View.php on line 16
[11-Dec-2018 11:12:50 UTC] PHP Notice:  Undefined variable: model in /home/ubuntu/workspace/tema1/tercerosEjemplos/classes/izv/view/View.php on line 15
[11-Dec-2018 11:12:50 UTC] PHP Fatal error:  Uncaught Error: Class 'izv\view\Session' not found in /home/ubuntu/workspace/tema1/tercerosEjemplos/classes/izv/view/View.php:16
Stack trace:
#0 /home/ubuntu/workspace/tema1/tercerosEjemplos/classes/izv/mvc/FrontController.php(20): izv\view\View->__construct(Object(izv\model\Model))
#1 /home/ubuntu/workspace/tema1/tercerosEjemplos/c9.php(22): izv\mvc\FrontController->__construct('', '')
#2 {main}
  thrown in /home/ubuntu/workspace/tema1/tercerosEjemplos/classes/izv/view/View.php on line 16
[11-Dec-2018 11:12:53 UTC] PHP Notice:  Undefined variable: model in /home/ubuntu/workspace/tema1/tercerosEjemplos/classes/izv/view/View.php on line 15
[11-Dec-2018 11:12:53 UTC] PHP Fatal error:  Uncaught Error: Class 'izv\view\Session' not found in /home/ubuntu/workspace/tema1/tercerosEjemplos/classes/izv/view/View.php:16
Stack trace:
#0 /home/ubuntu/workspace/tema1/tercerosEjemplos/classes/izv/mvc/FrontController.php(20): izv\view\View->__construct(Object(izv\model\Model))
#1 /home/ubuntu/workspace/tema1/tercerosEjemplos/c9.php(22): izv\mvc\FrontController->__construct('', '')
#2 {main}
  thrown in /home/ubuntu/workspace/tema1/tercerosEjemplos/classes/izv/view/View.php on line 16
[11-Dec-2018 11:13:09 UTC] PHP Notice:  Undefined variable: model in /home/ubuntu/workspace/tema1/tercerosEjemplos/classes/izv/view/View.php on line 16
[11-Dec-2018 11:13:09 UTC] PHP Fatal error:  Uncaught Error: Class 'izv\view\App' not found in /home/ubuntu/workspace/tema1/tercerosEjemplos/classes/izv/view/View.php:17
Stack trace:
#0 /home/ubuntu/workspace/tema1/tercerosEjemplos/classes/izv/mvc/FrontController.php(20): izv\view\View->__construct(Object(izv\model\Model))
#1 /home/ubuntu/workspace/tema1/tercerosEjemplos/c9.php(22): izv\mvc\FrontController->__construct('', '')
#2 {main}
  thrown in /home/ubuntu/workspace/tema1/tercerosEjemplos/classes/izv/view/View.php on line 17
[11-Dec-2018 11:13:44 UTC] PHP Notice:  Undefined variable: model in /home/ubuntu/workspace/tema1/tercerosEjemplos/classes/izv/view/View.php on line 17
[11-Dec-2018 11:13:44 UTC] PHP Fatal error:  Uncaught Error: Call to a member function getViewData() on null in /home/ubuntu/workspace/tema1/tercerosEjemplos/classes/izv/view/View.php:26
Stack trace:
#0 /home/ubuntu/workspace/tema1/tercerosEjemplos/classes/izv/mvc/FrontController.php(32): izv\view\View->render('')
#1 /home/ubuntu/workspace/tema1/tercerosEjemplos/c9.php(25): izv\mvc\FrontController->render()
#2 {main}
  thrown in /home/ubuntu/workspace/tema1/tercerosEjemplos/classes/izv/view/View.php on line 26
[12-Dec-2018 12:55:33 UTC] PHP Fatal error:  Uncaught TypeError: Argument 1 passed to izv\controller\FirstController::__construct() must be an instance of izv\controller\Model, instance of izv\model\Model given, called in /home/ubuntu/workspace/tema1/tercerosEjemplos/classes/izv/mvc/FrontController.php on line 18 and defined in /home/ubuntu/workspace/tema1/tercerosEjemplos/classes/izv/controller/FirstController.php:8
Stack trace:
#0 /home/ubuntu/workspace/tema1/tercerosEjemplos/classes/izv/mvc/FrontController.php(18): izv\controller\FirstController->__construct(Object(izv\model\Model))
#1 /home/ubuntu/workspace/tema1/tercerosEjemplos/c9.php(22): izv\mvc\FrontController->__construct('index', 'otra')
#2 {main}
  thrown in /home/ubuntu/workspace/tema1/tercerosEjemplos/classes/izv/controller/FirstController.php on line 8
[12-Dec-2018 13:17:23 UTC] PHP Fatal error:  Uncaught Twig_Error_Loader: The "/home/ubuntu/workspace/tema1/tercerosEjemplos/classes/izv/view/twigtemplates/bootstrap" directory does not exist ("/home/ubuntu/workspace/tema1/tercerosEjemplos/classes/izv/view/twigtemplates/bootstrap"). in /home/ubuntu/workspace/tema1/tercerosEjemplos/classes/vendor/twig/twig/lib/Twig/Loader/Filesystem.php:101
Stack trace:
#0 /home/ubuntu/workspace/tema1/tercerosEjemplos/classes/vendor/twig/twig/lib/Twig/Loader/Filesystem.php(82): Twig_Loader_Filesystem->addPath('/home/ubuntu/wo...', '__main__')
#1 /home/ubuntu/workspace/tema1/tercerosEjemplos/classes/vendor/twig/twig/lib/Twig/Loader/Filesystem.php(40): Twig_Loader_Filesystem->setPaths(Array)
#2 /home/ubuntu/workspace/tema1/tercerosEjemplos/classes/izv/view/FirstView.php(15): Twig_Loader_Filesystem->__construct('/home/ubuntu/wo...')
#3 /home/ubuntu/workspace/tema1/tercerosEjemplos/classes/izv/mvc/FrontController.php(32): izv\view\FirstView->render('')
#4 /home/ubuntu/workspace/tema1/tercerosEjemplos/c9.php(25): izv\mvc\Front in /home/ubuntu/workspace/tema1/tercerosEjemplos/classes/vendor/twig/twig/lib/Twig/Loader/Filesystem.php on line 101
[12-Dec-2018 13:17:56 UTC] PHP Notice:  Undefined variable: lista in /home/ubuntu/workspace/tema1/tercerosEjemplos/classes/izv/view/FirstView.php on line 17
[12-Dec-2018 13:18:34 UTC] PHP Notice:  Undefined variable: lista in /home/ubuntu/workspace/tema1/tercerosEjemplos/classes/izv/view/FirstView.php on line 17
[12-Dec-2018 13:20:24 UTC] PHP Notice:  Undefined variable: lista in /home/ubuntu/workspace/tema1/tercerosEjemplos/classes/izv/view/FirstView.php on line 17
[12-Dec-2018 13:20:44 UTC] PHP Notice:  Undefined variable: lista in /home/ubuntu/workspace/tema1/tercerosEjemplos/classes/izv/view/FirstView.php on line 17
[12-Dec-2018 13:44:29 UTC] PHP Notice:  Undefined property: izv\view\FirstView::$getModel in /home/ubuntu/workspace/tema1/tercerosEjemplos/classes/izv/view/FirstView.php on line 18
[12-Dec-2018 13:44:29 UTC] PHP Fatal error:  Uncaught Error: Call to a member function get() on null in /home/ubuntu/workspace/tema1/tercerosEjemplos/classes/izv/view/FirstView.php:18
Stack trace:
#0 /home/ubuntu/workspace/tema1/tercerosEjemplos/classes/izv/mvc/FrontController.php(32): izv\view\FirstView->render('segundaaccion')
#1 /home/ubuntu/workspace/tema1/tercerosEjemplos/c9.php(25): izv\mvc\FrontController->render()
#2 {main}
  thrown in /home/ubuntu/workspace/tema1/tercerosEjemplos/classes/izv/view/FirstView.php on line 18
[12-Dec-2018 13:44:58 UTC] PHP Notice:  Undefined property: izv\view\FirstView::$getModel in /home/ubuntu/workspace/tema1/tercerosEjemplos/classes/izv/view/FirstView.php on line 18
[12-Dec-2018 13:44:58 UTC] PHP Fatal error:  Uncaught Error: Call to a member function get() on null in /home/ubuntu/workspace/tema1/tercerosEjemplos/classes/izv/view/FirstView.php:18
Stack trace:
#0 /home/ubuntu/workspace/tema1/tercerosEjemplos/classes/izv/mvc/FrontController.php(32): izv\view\FirstView->render('segundaaccion')
#1 /home/ubuntu/workspace/tema1/tercerosEjemplos/c9.php(25): izv\mvc\FrontController->render()
#2 {main}
  thrown in /home/ubuntu/workspace/tema1/tercerosEjemplos/classes/izv/view/FirstView.php on line 18
[12-Dec-2018 13:45:08 UTC] PHP Notice:  Undefined property: izv\view\FirstView::$getModel in /home/ubuntu/workspace/tema1/tercerosEjemplos/classes/izv/view/FirstView.php on line 18
[12-Dec-2018 13:45:08 UTC] PHP Fatal error:  Uncaught Error: Call to a member function get() on null in /home/ubuntu/workspace/tema1/tercerosEjemplos/classes/izv/view/FirstView.php:18
Stack trace:
#0 /home/ubuntu/workspace/tema1/tercerosEjemplos/classes/izv/mvc/FrontController.php(32): izv\view\FirstView->render('segundaaccion')
#1 /home/ubuntu/workspace/tema1/tercerosEjemplos/c9.php(25): izv\mvc\FrontController->render()
#2 {main}
  thrown in /home/ubuntu/workspace/tema1/tercerosEjemplos/classes/izv/view/FirstView.php on line 18
[12-Dec-2018 13:45:25 UTC] PHP Fatal error:  Uncaught Twig_Error_Loader: Unable to find template "" (looked into: twigtemplates/bootstrap). in /home/ubuntu/workspace/tema1/tercerosEjemplos/classes/vendor/twig/twig/lib/Twig/Loader/Filesystem.php:226
Stack trace:
#0 /home/ubuntu/workspace/tema1/tercerosEjemplos/classes/vendor/twig/twig/lib/Twig/Loader/Filesystem.php(143): Twig_Loader_Filesystem->findTemplate('')
#1 /home/ubuntu/workspace/tema1/tercerosEjemplos/classes/vendor/twig/twig/lib/Twig/Environment.php(270): Twig_Loader_Filesystem->getCacheKey(NULL)
#2 /home/ubuntu/workspace/tema1/tercerosEjemplos/classes/vendor/twig/twig/lib/Twig/Environment.php(350): Twig_Environment->getTemplateClass(NULL)
#3 /home/ubuntu/workspace/tema1/tercerosEjemplos/classes/vendor/twig/twig/lib/Twig/Environment.php(289): Twig_Environment->loadTemplate(NULL)
#4 /home/ubuntu/workspace/tema1/tercerosEjemplos/classes/izv/view/FirstView.php(18): Twig_Environment->render(NULL, Array)
#5 /home/ubuntu/workspace/tema1/tercerosEjemplos/classes/izv/mvc/FrontController.php(32): izv\vie in /home/ubuntu/workspace/tema1/tercerosEjemplos/classes/vendor/twig/twig/lib/Twig/Loader/Filesystem.php on line 226
[12-Dec-2018 13:45:37 UTC] PHP Fatal error:  Uncaught Twig_Error_Loader: Unable to find template "" (looked into: twigtemplates/bootstrap). in /home/ubuntu/workspace/tema1/tercerosEjemplos/classes/vendor/twig/twig/lib/Twig/Loader/Filesystem.php:226
Stack trace:
#0 /home/ubuntu/workspace/tema1/tercerosEjemplos/classes/vendor/twig/twig/lib/Twig/Loader/Filesystem.php(143): Twig_Loader_Filesystem->findTemplate('')
#1 /home/ubuntu/workspace/tema1/tercerosEjemplos/classes/vendor/twig/twig/lib/Twig/Environment.php(270): Twig_Loader_Filesystem->getCacheKey(NULL)
#2 /home/ubuntu/workspace/tema1/tercerosEjemplos/classes/vendor/twig/twig/lib/Twig/Environment.php(350): Twig_Environment->getTemplateClass(NULL)
#3 /home/ubuntu/workspace/tema1/tercerosEjemplos/classes/vendor/twig/twig/lib/Twig/Environment.php(289): Twig_Environment->loadTemplate(NULL)
#4 /home/ubuntu/workspace/tema1/tercerosEjemplos/classes/izv/view/FirstView.php(18): Twig_Environment->render(NULL, Array)
#5 /home/ubuntu/workspace/tema1/tercerosEjemplos/classes/izv/mvc/FrontController.php(32): izv\vie in /home/ubuntu/workspace/tema1/tercerosEjemplos/classes/vendor/twig/twig/lib/Twig/Loader/Filesystem.php on line 226
[12-Dec-2018 13:45:59 UTC] PHP Fatal error:  Uncaught Twig_Error_Loader: Unable to find template "" (looked into: twigtemplates/bootstrap). in /home/ubuntu/workspace/tema1/tercerosEjemplos/classes/vendor/twig/twig/lib/Twig/Loader/Filesystem.php:226
Stack trace:
#0 /home/ubuntu/workspace/tema1/tercerosEjemplos/classes/vendor/twig/twig/lib/Twig/Loader/Filesystem.php(143): Twig_Loader_Filesystem->findTemplate('')
#1 /home/ubuntu/workspace/tema1/tercerosEjemplos/classes/vendor/twig/twig/lib/Twig/Environment.php(270): Twig_Loader_Filesystem->getCacheKey(NULL)
#2 /home/ubuntu/workspace/tema1/tercerosEjemplos/classes/vendor/twig/twig/lib/Twig/Environment.php(350): Twig_Environment->getTemplateClass(NULL)
#3 /home/ubuntu/workspace/tema1/tercerosEjemplos/classes/vendor/twig/twig/lib/Twig/Environment.php(289): Twig_Environment->loadTemplate(NULL)
#4 /home/ubuntu/workspace/tema1/tercerosEjemplos/classes/izv/view/FirstView.php(18): Twig_Environment->render(NULL, Array)
#5 /home/ubuntu/workspace/tema1/tercerosEjemplos/classes/izv/mvc/FrontController.php(32): izv\vie in /home/ubuntu/workspace/tema1/tercerosEjemplos/classes/vendor/twig/twig/lib/Twig/Loader/Filesystem.php on line 226
[13-Dec-2018 16:38:55 UTC] PHP Parse error:  syntax error, unexpected ';', expecting function (T_FUNCTION) in /home/ubuntu/workspace/tema1/tercerosEjemplos/classes/izv/app/App.php on line 23
[13-Dec-2018 16:39:09 UTC] PHP Fatal error:  Uncaught Twig_Error_Loader: Unable to find template "" (looked into: twigtemplates/bootstrap). in /home/ubuntu/workspace/tema1/tercerosEjemplos/classes/vendor/twig/twig/lib/Twig/Loader/Filesystem.php:226
Stack trace:
#0 /home/ubuntu/workspace/tema1/tercerosEjemplos/classes/vendor/twig/twig/lib/Twig/Loader/Filesystem.php(143): Twig_Loader_Filesystem->findTemplate('')
#1 /home/ubuntu/workspace/tema1/tercerosEjemplos/classes/vendor/twig/twig/lib/Twig/Environment.php(270): Twig_Loader_Filesystem->getCacheKey(NULL)
#2 /home/ubuntu/workspace/tema1/tercerosEjemplos/classes/vendor/twig/twig/lib/Twig/Environment.php(350): Twig_Environment->getTemplateClass(NULL)
#3 /home/ubuntu/workspace/tema1/tercerosEjemplos/classes/vendor/twig/twig/lib/Twig/Environment.php(289): Twig_Environment->loadTemplate(NULL)
#4 /home/ubuntu/workspace/tema1/tercerosEjemplos/classes/izv/view/FirstView.php(18): Twig_Environment->render(NULL, Array)
#5 /home/ubuntu/workspace/tema1/tercerosEjemplos/classes/izv/mvc/FrontController.php(32): izv\vie in /home/ubuntu/workspace/tema1/tercerosEjemplos/classes/vendor/twig/twig/lib/Twig/Loader/Filesystem.php on line 226
[13-Dec-2018 16:39:26 UTC] PHP Fatal error:  Uncaught Twig_Error_Loader: Unable to find template "" (looked into: twigtemplates/bootstrap). in /home/ubuntu/workspace/tema1/tercerosEjemplos/classes/vendor/twig/twig/lib/Twig/Loader/Filesystem.php:226
Stack trace:
#0 /home/ubuntu/workspace/tema1/tercerosEjemplos/classes/vendor/twig/twig/lib/Twig/Loader/Filesystem.php(143): Twig_Loader_Filesystem->findTemplate('')
#1 /home/ubuntu/workspace/tema1/tercerosEjemplos/classes/vendor/twig/twig/lib/Twig/Environment.php(270): Twig_Loader_Filesystem->getCacheKey(NULL)
#2 /home/ubuntu/workspace/tema1/tercerosEjemplos/classes/vendor/twig/twig/lib/Twig/Environment.php(350): Twig_Environment->getTemplateClass(NULL)
#3 /home/ubuntu/workspace/tema1/tercerosEjemplos/classes/vendor/twig/twig/lib/Twig/Environment.php(289): Twig_Environment->loadTemplate(NULL)
#4 /home/ubuntu/workspace/tema1/tercerosEjemplos/classes/izv/view/FirstView.php(18): Twig_Environment->render(NULL, Array)
#5 /home/ubuntu/workspace/tema1/tercerosEjemplos/classes/izv/mvc/FrontController.php(32): izv\vie in /home/ubuntu/workspace/tema1/tercerosEjemplos/classes/vendor/twig/twig/lib/Twig/Loader/Filesystem.php on line 226
[13-Dec-2018 17:54:24 UTC] PHP Notice:  session_start(): ps_files_cleanup_dir: opendir(/var/lib/php/sessions) failed: Permission denied (13) in /home/ubuntu/workspace/tema1/tercerosEjemplos/classes/izv/tools/Session.php on line 18
[14-Dec-2018 09:45:29 UTC] PHP Fatal error:  Uncaught Error: Class 'Twig_Loader_Filesystem' not found in /home/ubuntu/workspace/tema1/tercerosEjemplos/classes/izv/view/MaundyView.php:18
Stack trace:
#0 /home/ubuntu/workspace/tema1/tercerosEjemplos/classes/izv/mvc/FrontController.php(32): izv\view\MaundyView->render('')
#1 /home/ubuntu/workspace/tema1/tercerosEjemplos/c9.php(25): izv\mvc\FrontController->render()
#2 {main}
  thrown in /home/ubuntu/workspace/tema1/tercerosEjemplos/classes/izv/view/MaundyView.php on line 18
