[26-Nov-2018 21:56:02 UTC] PHP Notice:  Undefined variable: usuarios in /home/ubuntu/workspace/proyecto/usuario/insert.php on line 21
[26-Nov-2018 21:56:02 UTC] PHP Notice:  Undefined variable: alert in /home/ubuntu/workspace/proyecto/usuario/insert.php on line 21
[26-Nov-2018 22:02:50 UTC] PHP Notice:  Undefined variable: usuarios in /home/ubuntu/workspace/proyecto/usuario/insert.php on line 21
[26-Nov-2018 22:02:50 UTC] PHP Notice:  Undefined variable: alert in /home/ubuntu/workspace/proyecto/usuario/insert.php on line 21
[26-Nov-2018 22:03:06 UTC] PHP Notice:  Undefined variable: r2 in /home/ubuntu/workspace/proyecto/usuario/doinsert.php on line 39
[26-Nov-2018 22:03:09 UTC] PHP Notice:  Undefined variable: usuarios in /home/ubuntu/workspace/proyecto/usuario/insert.php on line 21
[26-Nov-2018 22:03:09 UTC] PHP Notice:  Undefined variable: alert in /home/ubuntu/workspace/proyecto/usuario/insert.php on line 21
[26-Nov-2018 22:04:51 UTC] PHP Notice:  Undefined variable: usuarios in /home/ubuntu/workspace/proyecto/usuario/insert.php on line 21
[26-Nov-2018 22:04:51 UTC] PHP Notice:  Undefined variable: alert in /home/ubuntu/workspace/proyecto/usuario/insert.php on line 21
[26-Nov-2018 22:05:04 UTC] PHP Notice:  Undefined variable: r2 in /home/ubuntu/workspace/proyecto/usuario/doinsert.php on line 39
[26-Nov-2018 22:13:27 UTC] PHP Notice:  Undefined variable: usuarios in /home/ubuntu/workspace/proyecto/usuario/insert.php on line 21
[26-Nov-2018 22:13:27 UTC] PHP Notice:  Undefined variable: alert in /home/ubuntu/workspace/proyecto/usuario/insert.php on line 21
[29-Nov-2018 08:11:59 UTC] PHP Fatal error:  Uncaught Error: Call to a member function getAdministrador() on null in /home/ubuntu/workspace/proyecto/usuario/doinsert.php:17
Stack trace:
#0 {main}
  thrown in /home/ubuntu/workspace/proyecto/usuario/doinsert.php on line 17
[29-Nov-2018 08:18:50 UTC] PHP Fatal error:  Uncaught Error: Call to a member function getAdministrador() on null in /home/ubuntu/workspace/proyecto/usuario/doinsert.php:18
Stack trace:
#0 {main}
  thrown in /home/ubuntu/workspace/proyecto/usuario/doinsert.php on line 18
[29-Nov-2018 08:21:53 UTC] PHP Notice:  Undefined variable: usuarios in /home/ubuntu/workspace/proyecto/usuario/insert.php on line 21
[29-Nov-2018 08:21:53 UTC] PHP Notice:  Undefined variable: alert in /home/ubuntu/workspace/proyecto/usuario/insert.php on line 21
